[github.com/flipped-aurora/gin-vue-admin/server]2024/04/02 - 08:12:08.662	[31merror[0m	/Users/libin/gopher/anx/anx_back/api/v1/system/sys_menu.go:268	è·å–å¤±è´¥!	{"error": "timeout: read tcp 192.168.0.102:58043->8.140.252.134:5432: read: operation timed out"}
[github.com/flipped-aurora/gin-vue-admin/server]2024/04/02 - 08:13:01.319	[31merror[0m	/Users/libin/gopher/anx/anx_back/api/v1/system/sys_menu.go:29	è·å–å¤±è´¥!	{"error": "unexpected EOF"}
[github.com/flipped-aurora/gin-vue-admin/server]2024/04/02 - 08:18:34.294	[31merror[0m	/Users/libin/gopher/anx/anx_back/api/v1/system/sys_menu.go:143	æ·»åŠ å¤±è´¥!	{"error": "å­˜åœ¨é‡å¤nameï¼Œè¯·ä¿®æ”¹name"}
[github.com/flipped-aurora/gin-vue-admin/server]2024/04/02 - 08:30:51.611	[31merror[0m	/Users/libin/gopher/anx/anx_back/api/v1/system/sys_api.go:184	è·å–å¤±è´¥!	{"error": "unexpected EOF"}
[github.com/flipped-aurora/gin-vue-admin/server]2024/04/02 - 08:40:05.564	[31merror[0m	/Users/libin/gopher/anx/anx_back/api/v1/system/sys_menu.go:29	è·å–å¤±è´¥!	{"error": "unexpected EOF"}
[github.com/flipped-aurora/gin-vue-admin/server]2024/04/02 - 09:22:48.268	[31merror[0m	/Users/libin/gopher/anx/anx_back/core/server.go:56	accept tcp [::]:8888: use of closed network connection
[github.com/flipped-aurora/gin-vue-admin/server]2024/04/02 - 10:22:30.783	[31merror[0m	/Users/libin/gopher/anx/anx_back/core/server.go:56	accept tcp [::]:8888: use of closed network connection
[github.com/flipped-aurora/gin-vue-admin/server]2024/04/02 - 10:41:32.356	[31merror[0m	/Users/libin/gopher/anx/anx_back/api/v1/system/sys_authority.go:172	è·å–å¤±è´¥!	{"error": "timeout: read tcp 192.168.0.102:50638->8.140.252.134:16798: read: operation timed out"}
[github.com/flipped-aurora/gin-vue-admin/server]2024/04/02 - 10:42:14.136	[31merror[0m	/Users/libin/gopher/anx/anx_back/api/v1/system/sys_menu.go:29	è·å–å¤±è´¥!	{"error": "unexpected EOF"}
[github.com/flipped-aurora/gin-vue-admin/server]2024/04/02 - 10:43:17.177	[31merror[0m	/Users/libin/gopher/anx/anx_back/api/v1/system/sys_user.go:56	ç™»é™†å¤±è´¥! ç”¨æˆ·åä¸å­˜åœ¨æˆ–è€…å¯†ç é”™è¯¯!	{"error": "å¯†ç é”™è¯¯"}
[github.com/flipped-aurora/gin-vue-admin/server]2024/04/02 - 10:43:29.621	[31merror[0m	/Users/libin/gopher/anx/anx_back/api/v1/system/sys_user.go:56	ç™»é™†å¤±è´¥! ç”¨æˆ·åä¸å­˜åœ¨æˆ–è€…å¯†ç é”™è¯¯!	{"error": "å¯†ç é”™è¯¯"}
[github.com/flipped-aurora/gin-vue-admin/server]2024/04/02 - 10:48:29.002	[31merror[0m	/Users/libin/gopher/anx/anx_back/api/v1/system/sys_api.go:184	è·å–å¤±è´¥!	{"error": "unexpected EOF"}
[github.com/flipped-aurora/gin-vue-admin/server]2024/04/02 - 10:56:21.540	[31merror[0m	/Users/libin/gopher/anx/anx_back/api/v1/system/sys_api.go:101	è·å–å¤±è´¥!	{"error": "unexpected EOF"}
[github.com/flipped-aurora/gin-vue-admin/server]2024/04/02 - 10:56:27.264	[31merror[0m	/Users/libin/gopher/anx/anx_back/api/v1/system/sys_menu.go:29	è·å–å¤±è´¥!	{"error": "unexpected EOF"}
[github.com/flipped-aurora/gin-vue-admin/server]2024/04/02 - 11:07:43.752	[31merror[0m	/Users/libin/gopher/anx/anx_back/core/server.go:56	accept tcp [::]:8888: use of closed network connection
[github.com/flipped-aurora/gin-vue-admin/server]2024/04/02 - 20:34:46.989	[31merror[0m	/Users/libin/gopher/anx/anx_back/core/server.go:56	accept tcp [::]:8888: use of closed network connection
[github.com/flipped-aurora/gin-vue-admin/server]2024/04/02 - 20:48:27.189	[31merror[0m	/Users/libin/gopher/anx/anx_back/api/v1/system/sys_api.go:101	è·å–å¤±è´¥!	{"error": "unexpected EOF"}
[github.com/flipped-aurora/gin-vue-admin/server]2024/04/02 - 21:41:11.780	[31merror[0m	/Users/libin/gopher/anx/anx_back/core/server.go:56	accept tcp [::]:8888: use of closed network connection
[github.com/flipped-aurora/gin-vue-admin/server]2024/04/02 - 22:58:11.515	[31merror[0m	/Users/libin/gopher/anx/anx_back/service/system/sys_casbin.go:162	é€‚é…æ•°æ®åº“å¤±è´¥è¯·æ£€æŸ¥casbinè¡¨æ˜¯å¦ä¸ºInnoDBå¼•æ“!	{"error": "ERROR: relation \"casbin_rule\" already exists (SQLSTATE 42P07)"}
[github.com/flipped-aurora/gin-vue-admin/server]2024/04/02 - 23:05:14.026	[31merror[0m	/Users/libin/gopher/anx/anx_back/core/server.go:56	accept tcp [::]:8888: use of closed network connection
[github.com/flipped-aurora/gin-vue-admin/server]2024/04/02 - 23:11:14.238	[31merror[0m	/Users/libin/gopher/anx/anx_back/api/v1/system/sys_menu.go:29	è·å–å¤±è´¥!	{"error": "unexpected EOF"}
[github.com/flipped-aurora/gin-vue-admin/server]2024/04/02 - 23:17:36.772	[31merror[0m	/Users/libin/gopher/anx/anx_back/core/server.go:56	accept tcp [::]:8888: use of closed network connection
[github.com/flipped-aurora/gin-vue-admin/server]2024/04/02 - 23:19:11.894	[31merror[0m	/Users/libin/gopher/anx/anx_back/core/server.go:56	accept tcp [::]:8888: use of closed network connection
[github.com/flipped-aurora/gin-vue-admin/server]2024/04/02 - 23:22:34.838	[31merror[0m	/Users/libin/gopher/anx/anx_back/core/server.go:56	accept tcp [::]:8888: use of closed network connection
[github.com/flipped-aurora/gin-vue-admin/server]2024/04/02 - 23:29:04.555	[31merror[0m	/Users/libin/gopher/anx/anx_back/core/server.go:56	accept tcp [::]:8888: use of closed network connection
[github.com/flipped-aurora/gin-vue-admin/server]2024/04/02 - 23:32:39.127	[31merror[0m	/Users/libin/gopher/anx/anx_back/core/server.go:56	accept tcp [::]:8888: use of closed network connection
[github.com/flipped-aurora/gin-vue-admin/server]2024/04/02 - 23:36:09.055	[31merror[0m	/Users/libin/gopher/anx/anx_back/core/server.go:56	accept tcp [::]:8888: use of closed network connection
[github.com/flipped-aurora/gin-vue-admin/server]2024/04/02 - 23:38:23.011	[31merror[0m	/Users/libin/gopher/anx/anx_back/core/server.go:56	accept tcp [::]:8888: use of closed network connection
[github.com/flipped-aurora/gin-vue-admin/server]2024/04/02 - 23:48:47.140	[31merror[0m	/Users/libin/gopher/anx/anx_back/core/server.go:56	accept tcp [::]:8888: use of closed network connection
[github.com/flipped-aurora/gin-vue-admin/server]2024/04/02 - 23:51:08.881	[31merror[0m	/Users/libin/gopher/anx/anx_back/core/server.go:56	accept tcp [::]:8888: use of closed network connection
[github.com/flipped-aurora/gin-vue-admin/server]2024/04/02 - 23:54:22.461	[31merror[0m	/Users/libin/gopher/anx/anx_back/core/server.go:56	accept tcp [::]:8888: use of closed network connection
[github.com/flipped-aurora/gin-vue-admin/server]2024/04/02 - 23:56:35.649	[31merror[0m	/Users/libin/gopher/anx/anx_back/core/server.go:56	accept tcp [::]:8888: use of closed network connection
